xxxxS1secretL 01/09/2020 - 15:51:51: "Player-Name<2><STEAM_1:1:2531422><CT>" [613 341 1613] attacked "Gary<3><BOT><TERRORIST>" [1060 148 1613] with "hkp2000" (damage "64") (damage_armor "31") (health "20") (armor "60") (hitgroup "head")
xxxxS1secretL 01/09/2020 - 15:51:51: "Player-Name<2><STEAM_1:1:2531422><CT>" [625 366 1613] attacked "Gary<3><BOT><TERRORIST>" [1061 161 1613] with "hkp2000" (damage "64") (damage_armor "31") (health "0") (armor "28") (hitgroup "head")
xxxxS1secretL 01/09/2020 - 15:51:51: "Player-Name<2><STEAM_1:1:2531422><CT>" [625 366 1613] killed "Gary<3><BOT><TERRORIST>" [1061 161 1677] with "usp_silencer" (headshot)
xxxxS1secretL 01/09/2020 - 15:51:53: "Gary<3><BOT><TERRORIST>" threw hegrenade [1066 236 1616]
xxxxS1secretL 01/09/2020 - 15:51:53: "Gary<3><BOT><TERRORIST>" [1061 161 1677] attacked "Steve<5><BOT><TERRORIST>" [1035 379 1613] with "hegrenade" (damage "20") (damage_armor "6") (health "29") (armor "67") (hitgroup "generic")
xxxxS1secretL 01/09/2020 - 15:51:53: "Gary<3><BOT><TERRORIST>" [1061 161 1677] killed other "func_breakable<433>" [816 295 1780] with "hegrenade"
xxxxS1secretL 01/09/2020 - 15:51:53: "Gary<3><BOT><TERRORIST>" [1061 161 1677] killed other "func_breakable<434>" [816 229 1831] with "hegrenade"
xxxxS1secretL 01/09/2020 - 15:51:53: "Gary<3><BOT><TERRORIST>" [1061 161 1677] killed other "func_breakable<442>" [817 295 1831] with "hegrenade"
xxxxS1secretL 01/09/2020 - 15:51:53: "Grant<7><BOT><CT>" [-89 -1395 1659] attacked "Perry<6><BOT><TERRORIST>" [-11 -733 1613] with "negev" (damage "23") (damage_armor "4") (health "77") (armor "95") (hitgroup "chest")
xxxxS1secretL 01/09/2020 - 15:51:54: "Grant<7><BOT><CT>" [-92 -1375 1659] attacked "Perry<6><BOT><TERRORIST>" [-11 -733 1613] with "negev" (damage "95") (damage_armor "19") (health "0") (armor "75") (hitgroup "head")
xxxxS1secretL 01/09/2020 - 15:51:54: "Perry<6><BOT><TERRORIST>" triggered "Dropped_The_Bomb"
xxxxS1secretL 01/09/2020 - 15:51:54: "Grant<7><BOT><CT>" [-92 -1375 1659] killed "Perry<6><BOT><TERRORIST>" [-11 -733 1677] with "negev" (headshot)
xxxxS1secretL 01/09/2020 - 15:51:55: "Harold<11><BOT><TERRORIST>" [742 260 1613] attacked "Player-Name<2><STEAM_1:1:2531422><CT>" [707 -35 1634] with "xm1014" (damage "65") (damage_armor "0") (health "35") (armor "0") (hitgroup "head")
xxxxS1secretL 01/09/2020 - 15:51:55: "Harold<11><BOT><TERRORIST>" [742 260 1613] attacked "Player-Name<2><STEAM_1:1:2531422><CT>" [707 -35 1634] with "xm1014" (damage "65") (damage_armor "0") (health "0") (armor "0") (hitgroup "head")
xxxxS1secretL 01/09/2020 - 15:51:55: "Harold<11><BOT><TERRORIST>" [742 260 1613] killed "Player-Name<2><STEAM_1:1:2531422><CT>" [707 -35 1698] with "xm1014" (headshot)
xxxxS1secretL 01/09/2020 - 15:52:08: "Harold<11><BOT><TERRORIST>" [-786 143 1619] attacked "Tom<10><BOT><CT>" [-840 246 1614] with "xm1014" (damage "13") (damage_armor "0") (health "87") (armor "100") (hitgroup "left leg")
xxxxS1secretL 01/09/2020 - 15:52:08: "Harold<11><BOT><TERRORIST>" [-786 143 1619] attacked "Tom<10><BOT><CT>" [-840 246 1614] with "xm1014" (damage "13") (damage_armor "0") (health "74") (armor "100") (hitgroup "left leg")
xxxxS1secretL 01/09/2020 - 15:52:08: "Harold<11><BOT><TERRORIST>" [-786 143 1619] attacked "Tom<10><BOT><CT>" [-840 246 1614] with "xm1014" (damage "13") (damage_armor "0") (health "61") (armor "100") (hitgroup "left leg")
xxxxS1secretL 01/09/2020 - 15:52:08: "Jenssen<8><BOT><TERRORIST>" [-559 164 1665] attacked "Tom<10><BOT><CT>" [-840 246 1614] with "p90" (damage "16") (damage_armor "3") (health "45") (armor "96") (hitgroup "chest")
xxxxS1secretL 01/09/2020 - 15:52:08: "Jenssen<8><BOT><TERRORIST>" [-559 164 1665] attacked "Tom<10><BOT><CT>" [-840 246 1614] with "p90" (damage "16") (damage_armor "3") (health "29") (armor "92") (hitgroup "chest")
xxxxS1secretL 01/09/2020 - 15:52:08: "Jenssen<8><BOT><TERRORIST>" [-559 164 1665] attacked "Tom<10><BOT><CT>" [-840 246 1614] with "p90" (damage "16") (damage_armor "3") (health "13") (armor "88") (hitgroup "chest")
xxxxS1secretL 01/09/2020 - 15:52:08: "Jenssen<8><BOT><TERRORIST>" [-559 164 1665] attacked "Tom<10><BOT><CT>" [-840 246 1614] with "p90" (damage "65") (damage_armor "14") (health "0") (armor "73") (hitgroup "head")
xxxxS1secretL 01/09/2020 - 15:52:08: "Jenssen<8><BOT><TERRORIST>" [-559 164 1665] killed "Tom<10><BOT><CT>" [-840 246 1678] with "p90" (headshot)
xxxxS1secretL 01/09/2020 - 15:52:18: "Player-Name<2><STEAM_1:1:2531422><CT>" [-444 1252 1687] attacked "Ron<4><BOT><CT>" [-304 1543 1687] with "mp9" (damage "4") (damage_armor "1") (health "96") (armor "98") (hitgroup "right arm")
xxxxS1secretL 01/09/2020 - 15:52:18: "Player-Name<2><STEAM_1:1:2531422><CT>" [-600 1259 1687] attacked "Ron<4><BOT><CT>" [-352 1429 1687] with "mp9" (damage "4") (damage_armor "1") (health "92") (armor "96") (hitgroup "left arm")
xxxxS1secretL 01/09/2020 - 15:52:18: "Player-Name<2><STEAM_1:1:2531422><CT>" [-613 1252 1687] attacked "Ron<4><BOT><CT>" [-363 1423 1687] with "mp9" (damage "4") (damage_armor "1") (health "88") (armor "94") (hitgroup "left arm")
xxxxS1secretL 01/09/2020 - 15:52:19: "Player-Name<2><STEAM_1:1:2531422><CT>" [-630 1243 1687] attacked "Ron<4><BOT><CT>" [-373 1418 1687] with "mp9" (damage "4") (damage_armor "1") (health "84") (armor "92") (hitgroup "chest")
xxxxS1secretL 01/09/2020 - 15:52:19: "Player-Name<2><STEAM_1:1:2531422><CT>" [-659 1226 1687] attacked "Ron<4><BOT><CT>" [-391 1411 1687] with "mp9" (damage "5") (damage_armor "1") (health "79") (armor "90") (hitgroup "stomach")
xxxxS1secretL 01/09/2020 - 15:52:19: "Player-Name<2><STEAM_1:1:2531422><CT>" [-672 1219 1687] attacked "Ron<4><BOT><CT>" [-400 1408 1687] with "mp9" (damage "18") (damage_armor "6") (health "61") (armor "83") (hitgroup "head")
xxxxS1secretL 01/09/2020 - 15:52:19: "Player-Name<2><STEAM_1:1:2531422><CT>" [-700 1201 1687] attacked "Ron<4><BOT><CT>" [-419 1402 1687] with "mp9" (damage "5") (damage_armor "1") (health "56") (armor "81") (hitgroup "stomach")
xxxxS1secretL 01/09/2020 - 15:52:19: "Harold<11><BOT><TERRORIST>" triggered "Got_The_Bomb"
xxxxS1secretL 01/09/2020 - 15:52:19: "Player-Name<2><STEAM_1:1:2531422><CT>" [-744 1172 1687] attacked "Ron<4><BOT><CT>" [-451 1392 1687] with "mp9" (damage "4") (damage_armor "1") (health "52") (armor "79") (hitgroup "chest")
xxxxS1secretL 01/09/2020 - 15:52:19: "Player-Name<2><STEAM_1:1:2531422><CT>" [-756 1163 1687] attacked "Ron<4><BOT><CT>" [-461 1388 1687] with "mp9" (damage "4") (damage_armor "1") (health "48") (armor "77") (hitgroup "left arm")
xxxxS1secretL 01/09/2020 - 15:52:19: "Player-Name<2><STEAM_1:1:2531422><CT>" [-783 1143 1687] attacked "Ron<4><BOT><CT>" [-480 1382 1687] with "mp9" (damage "4") (damage_armor "1") (health "44") (armor "75") (hitgroup "chest")
xxxxS1secretL 01/09/2020 - 15:52:19: "Player-Name<2><STEAM_1:1:2531422><CT>" [-798 1131 1687] attacked "Ron<4><BOT><CT>" [-491 1378 1687] with "mp9" (damage "4") (damage_armor "1") (health "40") (armor "73") (hitgroup "chest")
xxxxS1secretL 01/09/2020 - 15:52:26: "Harold<11><BOT><TERRORIST>" triggered "Planted_The_Bomb"
xxxxS1secretL 01/09/2020 - 15:52:27: "Grant<7><BOT><CT>" [396 -73 1783] killed other "prop_dynamic<461>" [544 -168 1749] with "negev"
xxxxS1secretL 01/09/2020 - 15:52:31: "Player-Name<2><STEAM_1:1:2531422><CT>" [-268 -559 1796] attacked "Harold<11><BOT><TERRORIST>" [70 -1155 1659] with "mp9" (damage "51") (damage_armor "17") (health "49") (armor "81") (hitgroup "head")
xxxxS1secretL 01/09/2020 - 15:52:31: "Player-Name<2><STEAM_1:1:2531422><CT>" [-268 -559 1796] attacked "Harold<11><BOT><TERRORIST>" [70 -1155 1659] with "mp9" (damage "51") (damage_armor "17") (health "0") (armor "63") (hitgroup "head")
xxxxS1secretL 01/09/2020 - 15:52:31: "Player-Name<2><STEAM_1:1:2531422><CT>" [-268 -559 1796] killed "Harold<11><BOT><TERRORIST>" [70 -1155 1723] with "mp9" (headshot)
xxxxS1secretL 01/09/2020 - 15:52:33: "Player-Name<2><STEAM_1:1:2531422><CT>" [-241 -589 1796] attacked "Jenssen<8><BOT><TERRORIST>" [-379 -1272 1613] with "mp9" (damage "51") (damage_armor "17") (health "49") (armor "81") (hitgroup "head")
xxxxS1secretL 01/09/2020 - 15:52:33: "Player-Name<2><STEAM_1:1:2531422><CT>" [-241 -589 1796] attacked "Jenssen<8><BOT><TERRORIST>" [-379 -1272 1613] with "mp9" (damage "51") (damage_armor "17") (health "0") (armor "63") (hitgroup "head")
xxxxS1secretL 01/09/2020 - 15:52:33: "Player-Name<2><STEAM_1:1:2531422><CT>" [-241 -589 1796] killed "Jenssen<8><BOT><TERRORIST>" [-379 -1272 1677] with "mp9" (headshot)
xxxxS1secretL 01/09/2020 - 15:52:36: "Grant<7><BOT><CT>" [524 -275 1749] killed other "prop_dynamic<228>" [374 -276 1749] with "negev"
xxxxS1secretL 01/09/2020 - 15:52:44: "Ron<4><BOT><CT>" [-209 -932 1614] attacked "Steve<5><BOT><TERRORIST>" [325 -633 1614] with "hkp2000" (damage "23") (damage_armor "0") (health "6") (armor "67") (hitgroup "right leg")
xxxxS1secretL 01/09/2020 - 15:52:44: "Steve<5><BOT><TERRORIST>" [325 -633 1614] attacked "Ron<4><BOT><CT>" [-209 -932 1614] with "sg556" (damage "29") (damage_armor "0") (health "11") (armor "73") (hitgroup "chest")
xxxxS1secretL 01/09/2020 - 15:52:44: "Steve<5><BOT><TERRORIST>" [325 -633 1614] attacked "Ron<4><BOT><CT>" [-209 -932 1614] with "sg556" (damage "29") (damage_armor "0") (health "0") (armor "73") (hitgroup "chest")
xxxxS1secretL 01/09/2020 - 15:52:44: "Steve<5><BOT><TERRORIST>" [325 -633 1614] killed "Ron<4><BOT><CT>" [-209 -932 1678] with "sg556"
xxxxS1secretL 01/09/2020 - 15:52:44: "Player-Name<2><STEAM_1:1:2531422><CT>" assisted killing "Ron<4><BOT><CT>"
xxxxS1secretL 01/09/2020 - 15:52:45: "Grant<7><BOT><CT>" [-72 -489 1613] attacked "Steve<5><BOT><TERRORIST>" [325 -633 1614] with "negev" (damage "30") (damage_armor "6") (health "0") (armor "60") (hitgroup "stomach")
xxxxS1secretL 01/09/2020 - 15:52:45: "Grant<7><BOT><CT>" [-72 -489 1613] killed "Steve<5><BOT><TERRORIST>" [325 -633 1678] with "negev"
xxxxS1secretL 01/09/2020 - 15:52:45: "Player-Name<2><STEAM_1:1:2531422><CT>" assisted killing "Steve<5><BOT><TERRORIST>"
xxxxS1secretL 01/09/2020 - 15:52:46: "Player-Name<2><STEAM_1:1:2531422><CT>" triggered "Begin_Bomb_Defuse_Without_Kit"
xxxxS1secretL 01/09/2020 - 15:52:56: "Player-Name<2><STEAM_1:1:2531422><CT>" triggered "Defused_The_Bomb"
xxxxS1secretL 01/09/2020 - 15:52:56: Team "CT" triggered "SFUI_Notice_Bomb_Defused" (CT "3") (T "4")
xxxxS1secretL 01/09/2020 - 15:52:56: Team "CT" scored "3" with "5" players
xxxxS1secretL 01/09/2020 - 15:52:56: Team "TERRORIST" scored "4" with "5" players
xxxxS1secretL 01/09/2020 - 15:52:56: World triggered "Round_End"
xxxxS1secretT30457F0C79B1383A L 01/09/2020 - 15:53:18: World triggered "Round_Start"
xxxxS1secretT30457F0C79B1383A L 01/09/2020 - 15:53:20: "Harold<11><BOT><TERRORIST>" left buyzone with [ weapon_knife_t weapon_glock weapon_p90 kevlar(100) helmet ]
xxxxS1secretT30457F0C79B1383A L 01/09/2020 - 15:53:20: "Steve<5><BOT><TERRORIST>" left buyzone with [ weapon_knife_t weapon_glock weapon_m249 weapon_hegrenade kevlar(100) helmet ]
xxxxS1secretT30457F0C79B1383A L 01/09/2020 - 15:53:20: "Matt<9><BOT><CT>" left buyzone with [ weapon_knife weapon_hkp2000 weapon_mp9 kevlar(100) helmet ]
xxxxS1secretT30457F0C79B1383A L 01/09/2020 - 15:53:20: "Perry<6><BOT><TERRORIST>" left buyzone with [ weapon_knife_t weapon_glock weapon_p90 kevlar(100) helmet ]
xxxxS1secretT30457F0C79B1383A L 01/09/2020 - 15:53:20: "Gary<3><BOT><TERRORIST>" left buyzone with [ weapon_knife_t weapon_glock weapon_c4 weapon_galilar kevlar(100) helmet C4 ]
xxxxS1secretT30457F0C79B1383A L 01/09/2020 - 15:53:21: "Grant<7><BOT><CT>" left buyzone with [ weapon_knife weapon_hkp2000 weapon_negev weapon_hegrenade kevlar(100) helmet ]
xxxxS1secretT30457F0C79B1383A L 01/09/2020 - 15:53:22: "Player-Name<2><STEAM_1:1:2531422><CT>" left buyzone with [ weapon_knife weapon_usp_silencer ]
xxxxS1secretT30457F0C79B1383A L 01/09/2020 - 15:53:22: "Jenssen<8><BOT><TERRORIST>" left buyzone with [ weapon_knife_t weapon_glock weapon_p90 kevlar(100) helmet ]
xxxxS1secretT30457F0C79B1383A L 01/09/2020 - 15:53:22: "Tom<10><BOT><CT>" left buyzone with [ weapon_knife weapon_deagle weapon_famas weapon_hegrenade kevlar(100) helmet ]
xxxxS1secretT30457F0C79B1383A L 01/09/2020 - 15:53:22: "Ron<4><BOT><CT>" left buyzone with [ weapon_knife weapon_hkp2000 weapon_famas weapon_hegrenade kevlar(100) helmet ]
xxxxS1secretT30457F0C79B1383A L 01/09/2020 - 15:53:37: "Ron<4><BOT><CT>" threw hegrenade [706 24 1811]
xxxxS1secretT30457F0C79B1383A L 01/09/2020 - 15:53:37: "Ron<4><BOT><CT>" [-52 403 1613] killed other "func_breakable<452>" [809 229 1831] with "hegrenade"
xxxxS1secretT30457F0C79B1383A L 01/09/2020 - 15:53:37: "Ron<4><BOT><CT>" [-52 403 1613] killed other "func_breakable<455>" [809 229 1780] with "hegrenade"
xxxxS1secretT30457F0C79B1383A L 01/09/2020 - 15:53:37: "Ron<4><BOT><CT>" [-52 403 1613] killed other "prop_dynamic<580>" [544 -168 1749] with "hegrenade"
xxxxS1secretT30457F0C79B1383A L 01/09/2020 - 15:53:37: "Ron<4><BOT><CT>" [-52 403 1613] killed other "func_breakable<453>" [809 295 1831] with "hegrenade"
xxxxS1secretT30457F0C79B1383A L 01/09/2020 - 15:53:37: "Ron<4><BOT><CT>" [-52 403 1613] killed other "func_breakable<454>" [809 295 1780] with "hegrenade"
xxxxS1secretT30457F0C79B1383A L 01/09/2020 - 15:53:39: "Tom<10><BOT><CT>" threw hegrenade [965 2245 1711]
xxxxS1secretT30457F0C79B1383A L 01/09/2020 - 15:53:39: "Tom<10><BOT><CT>" [234 2109 1688] attacked "Harold<11><BOT><TERRORIST>" [909 2089 1703] with "hegrenade" (damage "19") (damage_armor "6") (health "81") (armor "93") (hitgroup "generic")
xxxxS1secretT30457F0C79B1383A L 01/09/2020 - 15:53:39: "Tom<10><BOT><CT>" [234 2109 1688] attacked "Gary<3><BOT><TERRORIST>" [746 2133 1703] with "hegrenade" (damage "5") (damage_armor "1") (health "95") (armor "98") (hitgroup "generic")
xxxxS1secretT30457F0C79B1383A L 01/09/2020 - 15:53:39: "Tom<10><BOT><CT>" [234 2109 1688] attacked "Steve<5><BOT><TERRORIST>" [933 1995 1703] with "hegrenade" (damage "4") (damage_armor "1") (health "96") (armor "98") (hitgroup "generic")
xxxxS1secretT30457F0C79B1383A L 01/09/2020 - 15:53:39: "Tom<10><BOT><CT>" [234 2109 1688] attacked "Harold<11><BOT><TERRORIST>" [843 2132 1703] with "famas" (damage "21") (damage_armor "0") (health "60") (armor "93") (hitgroup "left leg")
xxxxS1secretT30457F0C79B1383A L 01/09/2020 - 15:53:39: "Tom<10><BOT><CT>" [234 2109 1688] attacked "Steve<5><BOT><TERRORIST>" [878 2112 1703] with "famas" (damage "12") (damage_armor "0") (health "84") (armor "98") (hitgroup "right leg")
xxxxS1secretT30457F0C79B1383A L 01/09/2020 - 15:53:40: "Tom<10><BOT><CT>" [233 2108 1688] attacked "Harold<11><BOT><TERRORIST>" [838 2133 1703] with "famas" (damage "25") (damage_armor "5") (health "35") (armor "87") (hitgroup "stomach")
xxxxS1secretT30457F0C79B1383A L 01/09/2020 - 15:53:45: "Matt<9><BOT><CT>" [131 1936 1687] attacked "Gary<3><BOT><TERRORIST>" [255 2143 1688] with "mp9" (damage "18") (damage_armor "6") (health "77") (armor "91") (hitgroup "stomach")
xxxxS1secretT30457F0C79B1383A L 01/09/2020 - 15:53:46: "Ron<4><BOT><CT>" [-195 915 1684] attacked "Gary<3><BOT><TERRORIST>" [254 2146 1688] with "famas" (damage "18") (damage_armor "4") (health "59") (armor "86") (hitgroup "chest")
xxxxS3secretT30457F0C79B1383A L 01/09/2020 - 15:53:47: "Ron<4><BOT><CT>" [-195 915 1684] attacked "Gary<3><BOT><TERRORIST>" [254 2146 1688] with "famas" (damage "20") (damage_armor "0") (health "39") (armor "86") (hitgroup "right leg")
xxxxS3secretT30457F0C79B1383A L 01/09/2020 - 15:53:47: "Ron<4><BOT><CT>" [-195 915 1684] attacked "Gary<3><BOT><TERRORIST>" [254 2146 1688] with "famas" (damage "18") (damage_armor "4") (health "21") (armor "81") (hitgroup "right arm")
xxxxS3secretT30457F0C79B1383A L 01/09/2020 - 15:53:47: "Ron<4><BOT><CT>" [-193 912 1684] attacked "Gary<3><BOT><TERRORIST>" [254 2146 1688] with "famas" (damage "23") (damage_armor "5") (health "0") (armor "75") (hitgroup "stomach")
xxxxS3secretT30457F0C79B1383A L 01/09/2020 - 15:53:47: "Gary<3><BOT><TERRORIST>" triggered "Dropped_The_Bomb"
xxxxS3secretT30457F0C79B1383A L 01/09/2020 - 15:53:47: "Ron<4><BOT><CT>" [-193 912 1684] killed "Gary<3><BOT><TERRORIST>" [254 2146 1752] with "famas"
xxxxS3secretT30457F0C79B1383A L 01/09/2020 - 15:53:48: "Jenssen<8><BOT><TERRORIST>" triggered "Got_The_Bomb"
xxxxS3secretT30457F0C79B1383A L 01/09/2020 - 15:53:49: "Harold<11><BOT><TERRORIST>" [184 2109 1688] attacked "Perry<6><BOT><TERRORIST>" [218 2085 1688] with "p90" (damage "3") (damage_armor "0") (health "97") (armor "99") (hitgroup "right arm")
xxxxS3secretT30457F0C79B1383A L 01/09/2020 - 15:53:49: "Harold<11><BOT><TERRORIST>" [184 2109 1688] attacked "Perry<6><BOT><TERRORIST>" [218 2085 1688] with "p90" (damage "3") (damage_armor "0") (health "94") (armor "98") (hitgroup "left arm")
xxxxS3secretT30457F0C79B1383A L 01/09/2020 - 15:53:49: "Harold<11><BOT><TERRORIST>" [184 2109 1688] attacked "Perry<6><BOT><TERRORIST>" [218 2085 1688] with "p90" (damage "3") (damage_armor "0") (health "91") (armor "97") (hitgroup "right arm")
xxxxS3secretT30457F0C79B1383A L 01/09/2020 - 15:53:49: "Matt<9><BOT><CT>" [285 1820 1687] attacked "Perry<6><BOT><TERRORIST>" [218 2085 1688] with "mp9" (damage "18") (damage_armor "6") (health "73") (armor "90") (hitgroup "stomach")
xxxxS3secretT30457F0C79B1383A L 01/09/2020 - 15:53:49: "Harold<11><BOT><TERRORIST>" [184 2109 1688] attacked "Perry<6><BOT><TERRORIST>" [218 2085 1688] with "p90" (damage "3") (damage_armor "0") (health "70") (armor "89") (hitgroup "right arm")
xxxxS3secretT30457F0C79B1383A L 01/09/2020 - 15:53:49: "Matt<9><BOT><CT>" [271 1816 1687] attacked "Perry<6><BOT><TERRORIST>" [218 2085 1688] with "mp9" (damage "18") (damage_armor "6") (health "52") (armor "82") (hitgroup "stomach")
xxxxS3secretT30457F0C79B1383A L 01/09/2020 - 15:53:49: "Harold<11><BOT><TERRORIST>" [184 2109 1688] attacked "Jenssen<8><BOT><TERRORIST>" [227 2047 1688] with "p90" (damage "3") (damage_armor "0") (health "97") (armor "99") (hitgroup "chest")
xxxxS3secretT30457F0C79B1383A L 01/09/2020 - 15:53:49: "Harold<11><BOT><TERRORIST>" [184 2109 1688] attacked "Jenssen<8><BOT><TERRORIST>" [218 2046 1688] with "p90" (damage "4") (damage_armor "1") (health "93") (armor "97") (hitgroup "stomach")
xxxxS3secretT30457F0C79B1383A L 01/09/2020 - 15:53:50: "Harold<11><BOT><TERRORIST>" [184 2109 1688] attacked "Jenssen<8><BOT><TERRORIST>" [218 2046 1688] with "p90" (damage "4") (damage_armor "1") (health "89") (armor "95") (hitgroup "stomach")
xxxxS3secretT30457F0C79B1383A L 01/09/2020 - 15:53:50: "Harold<11><BOT><TERRORIST>" [184 2109 1688] attacked "Jenssen<8><BOT><TERRORIST>" [218 2046 1688] with "p90" (damage "3") (damage_armor "0") (health "86") (armor "94") (hitgroup "chest")
xxxxS3secretT30457F0C79B1383A L 01/09/2020 - 15:53:50: "Harold<11><BOT><TERRORIST>" [184 2109 1688] attacked "Jenssen<8><BOT><TERRORIST>" [218 2046 1688] with "p90" (damage "3") (damage_armor "0") (health "83") (armor "93") (hitgroup "chest")
xxxxS3secretT30457F0C79B1383A L 01/09/2020 - 15:53:50: "Harold<11><BOT><TERRORIST>" [184 2109 1688] attacked "Jenssen<8><BOT><TERRORIST>" [218 2046 1688] with "p90" (damage "3") (damage_armor "0") (health "80") (armor "92") (hitgroup "chest")
xxxxS3secretT30457F0C79B1383A L 01/09/2020 - 15:53:50: "Harold<11><BOT><TERRORIST>" [184 2109 1688] attacked "Jenssen<8><BOT><TERRORIST>" [218 2046 1688] with "p90" (damage "3") (damage_armor "0") (health "77") (armor "91") (hitgroup "chest")
xxxxS3secretT30457F0C79B1383A L 01/09/2020 - 15:53:50: "Jenssen<8><BOT><TERRORIST>" [218 2046 1688] attacked "Matt<9><BOT><CT>" [195 1797 1687] with "p90" (damage "20") (damage_armor "4") (health "80") (armor "95") (hitgroup "stomach")
xxxxS3secretT30457F0C79B1383A L 01/09/2020 - 15:53:50: "Harold<11><BOT><TERRORIST>" [184 2109 1688] attacked "Jenssen<8><BOT><TERRORIST>" [218 2046 1688] with "p90" (damage "3") (damage_armor "0") (health "74") (armor "90") (hitgroup "chest")
xxxxS3secretT30457F0C79B1383A L 01/09/2020 - 15:53:50: "Jenssen<8><BOT><TERRORIST>" [218 2046 1688] attacked "Matt<9><BOT><CT>" [198 1797 1687] with "p90" (damage "20") (damage_armor "4") (health "60") (armor "90") (hitgroup "stomach")
xxxxS3secretT30457F0C79B1383A L 01/09/2020 - 15:53:50: "Harold<11><BOT><TERRORIST>" [184 2109 1688] attacked "Jenssen<8><BOT><TERRORIST>" [218 2046 1688] with "p90" (damage "3") (damage_armor "0") (health "71") (armor "89") (hitgroup "chest")
xxxxS3secretT30457F0C79B1383A L 01/09/2020 - 15:53:50: "Harold<11><BOT><TERRORIST>" [184 2109 1688] attacked "Jenssen<8><BOT><TERRORIST>" [218 2046 1688] with "p90" (damage "3") (damage_armor "0") (health "68") (armor "88") (hitgroup "chest")
xxxxS3secretT30457F0C79B1383A L 01/09/2020 - 15:53:50: "Harold<11><BOT><TERRORIST>" [184 2109 1688] attacked "Jenssen<8><BOT><TERRORIST>" [218 2046 1688] with "p90" (damage "4") (damage_armor "1") (health "64") (armor "86") (hitgroup "stomach")
xxxxS3secretT30457F0C79B1383A L 01/09/2020 - 15:53:50: "Harold<11><BOT><TERRORIST>" [184 2109 1688] attacked "Jenssen<8><BOT><TERRORIST>" [218 2046 1688] with "p90" (damage "3") (damage_armor "0") (health "61") (armor "85") (hitgroup "chest")
xxxxS3secretT30457F0C79B1383A L 01/09/2020 - 15:53:50: "Harold<11><BOT><TERRORIST>" [184 2109 1688] attacked "Jenssen<8><BOT><TERRORIST>" [218 2046 1688] with "p90" (damage "3") (damage_armor "0") (health "58") (armor "84") (hitgroup "chest")
xxxxS3secretT30457F0C79B1383A L 01/09/2020 - 15:53:50: "Harold<11><BOT><TERRORIST>" [184 2109 1688] attacked "Jenssen<8><BOT><TERRORIST>" [218 2046 1688] with "p90" (damage "3") (damage_armor "0") (health "55") (armor "83") (hitgroup "chest")
xxxxS3secretT30457F0C79B1383A L 01/09/2020 - 15:53:50: "Harold<11><BOT><TERRORIST>" [184 2109 1688] attacked "Jenssen<8><BOT><TERRORIST>" [218 2046 1688] with "p90" (damage "3") (damage_armor "0") (health "52") (armor "82") (hitgroup "chest")
xxxxS3secretT30457F0C79B1383A L 01/09/2020 - 15:53:51: "Harold<11><BOT><TERRORIST>" [184 2109 1688] attacked "Jenssen<8><BOT><TERRORIST>" [218 2046 1688] with "p90" (damage "3") (damage_armor "0") (health "49") (armor "81") (hitgroup "chest")
xxxxS3secretT30457F0C79B1383A L 01/09/2020 - 15:53:51: "Harold<11><BOT><TERRORIST>" [184 2109 1688] attacked "Jenssen<8><BOT><TERRORIST>" [218 2046 1688] with "p90" (damage "3") (damage_armor "0") (health "46") (armor "80") (hitgroup "chest")
xxxxS3secretT30457F0C79B1383A L 01/09/2020 - 15:53:51: "Matt<9><BOT><CT>" [259 1794 1687] attacked "Perry<6><BOT><TERRORIST>" [218 2085 1688] with "mp9" (damage "18") (damage_armor "6") (health "34") (armor "75") (hitgroup "stomach")
xxxxS3secretT30457F0C79B1383A L 01/09/2020 - 15:53:51: "Matt<9><BOT><CT>" [259 1794 1687] attacked "Steve<5><BOT><TERRORIST>" [214 2186 1688] with "mp9" (damage "4") (damage_armor "1") (health "80") (armor "96") (hitgroup "stomach")
xxxxS3secretT30457F0C79B1383A L 01/09/2020 - 15:53:51: "Harold<11><BOT><TERRORIST>" [184 2109 1688] attacked "Jenssen<8><BOT><TERRORIST>" [218 2046 1688] with "p90" (damage "3") (damage_armor "0") (health "43") (armor "79") (hitgroup "chest")
xxxxS3secretT30457F0C79B1383A L 01/09/2020 - 15:53:51: "Matt<9><BOT><CT>" [261 1794 1687] attacked "Perry<6><BOT><TERRORIST>" [218 2085 1688] with "mp9" (damage "18") (damage_armor "6") (health "16") (armor "68") (hitgroup "stomach")
xxxxS3secretT30457F0C79B1383A L 01/09/2020 - 15:53:51: "Matt<9><BOT><CT>" [261 1794 1687] attacked "Steve<5><BOT><TERRORIST>" [214 2186 1688] with "mp9" (damage "4") (damage_armor "1") (health "76") (armor "94") (hitgroup "stomach")
xxxxS3secretT30457F0C79B1383A L 01/09/2020 - 15:53:51: "Harold<11><BOT><TERRORIST>" [184 2109 1688] attacked "Jenssen<8><BOT><TERRORIST>" [218 2046 1688] with "p90" (damage "4") (damage_armor "1") (health "39") (armor "77") (hitgroup "stomach")
xxxxS3secretT30457F0C79B1383A L 01/09/2020 - 15:53:51: "Tom<10><BOT><CT>" [-126 2011 1687] attacked "Jenssen<8><BOT><TERRORIST>" [218 2046 1688] with "famas" (damage "25") (damage_armor "5") (health "14") (armor "71") (hitgroup "stomach")
xxxxS3secretT30457F0C79B1383A L 01/09/2020 - 15:53:51: "Matt<9><BOT><CT>" [262 1794 1687] attacked "Jenssen<8><BOT><TERRORIST>" [218 2046 1688] with "mp9" (damage "14") (damage_armor "4") (health "0") (armor "66") (hitgroup "chest")
xxxxS3secretT30457F0C79B1383A L 01/09/2020 - 15:53:51: "Jenssen<8><BOT><TERRORIST>" triggered "Dropped_The_Bomb"
xxxxS3secretT30457F0C79B1383A L 01/09/2020 - 15:53:51: "Matt<9><BOT><CT>" [262 1794 1687] killed "Jenssen<8><BOT><TERRORIST>" [218 2046 1752] with "mp9"
xxxxS3secretT30457F0C79B1383A L 01/09/2020 - 15:53:51: "Harold<11><BOT><TERRORIST>" assisted killing "Jenssen<8><BOT><TERRORIST>"
xxxxS3secretT30457F0C79B1383A L 01/09/2020 - 15:53:51: "Matt<9><BOT><CT>" [262 1794 1687] attacked "Perry<6><BOT><TERRORIST>" [218 2085 1688] with "mp9" (damage "5") (damage_armor "1") (health "11") (armor "66") (hitgroup "stomach")
xxxxS3secretT30457F0C79B1383A L 01/09/2020 - 15:53:51: "Matt<9><BOT><CT>" [262 1794 1687] attacked "Perry<6><BOT><TERRORIST>" [218 2085 1688] with "mp9" (damage "17") (damage_armor "5") (health "0") (armor "60") (hitgroup "stomach")
xxxxS3secretT30457F0C79B1383A L 01/09/2020 - 15:53:51: "Matt<9><BOT><CT>" [262 1794 1687] killed "Perry<6><BOT><TERRORIST>" [218 2085 1752] with "mp9"
xxxxS3secretT30457F0C79B1383A L 01/09/2020 - 15:53:51: "Matt<9><BOT><CT>" [262 1794 1687] attacked "Steve<5><BOT><TERRORIST>" [214 2186 1688] with "mp9" (damage "3") (damage_armor "1") (health "73") (armor "92") (hitgroup "left arm")
xxxxS3secretT30457F0C79B1383A L 01/09/2020 - 15:53:58: "Steve<5><BOT><TERRORIST>" [254 2155 1688] attacked "Tom<10><BOT><CT>" [231 2041 1688] with "hegrenade" (damage "1") (damage_armor "0") (health "99") (armor "99") (hitgroup "generic")
xxxxS3secretT30457F0C79B1383A L 01/09/2020 - 15:53:58: "Steve<5><BOT><TERRORIST>" [254 2155 1688] attacked "Tom<10><BOT><CT>" [231 2041 1688] with "hegrenade" (damage "1") (damage_armor "0") (health "98") (armor "98") (hitgroup "generic")
xxxxS3secretT30457F0C79B1383A L 01/09/2020 - 15:53:59: "Tom<10><BOT><CT>" [231 2041 1688] attacked "Steve<5><BOT><TERRORIST>" [254 2155 1688] with "famas" (damage "25") (damage_armor "5") (health "48") (armor "86") (hitgroup "stomach")
xxxxS3secretT30457F0C79B1383A L 01/09/2020 - 15:53:59: "Tom<10><BOT><CT>" [231 2041 1688] attacked "Steve<5><BOT><TERRORIST>" [254 2155 1688] with "famas" (damage "22") (damage_armor "0") (health "26") (armor "86") (hitgroup "right leg")
xxxxS3secretT30457F0C79B1383A L 01/09/2020 - 15:53:59: "Matt<9><BOT><CT>" [239 1761 1687] attacked "Harold<11><BOT><TERRORIST>" [203 2130 1688] with "mp9" (damage "17") (damage_armor "5") (health "18") (armor "80") (hitgroup "stomach")
xxxxS3secretT30457F0C79B1383A L 01/09/2020 - 15:53:59: "Tom<10><BOT><CT>" [231 2041 1688] attacked "Steve<5><BOT><TERRORIST>" [254 2155 1688] with "famas" (damage "22") (damage_armor "0") (health "4") (armor "86") (hitgroup "right leg")
xxxxS3secretT30457F0C79B1383A L 01/09/2020 - 15:53:59: "Matt<9><BOT><CT>" [239 1761 1687] attacked "Harold<11><BOT><TERRORIST>" [203 2130 1688] with "mp9" (damage "17") (damage_armor "5") (health "1") (armor "74") (hitgroup "stomach")
xxxxS3secretT30457F0C79B1383A L 01/09/2020 - 15:53:59: "Tom<10><BOT><CT>" [231 2041 1688] attacked "Steve<5><BOT><TERRORIST>" [254 2155 1688] with "famas" (damage "22") (damage_armor "0") (health "0") (armor "86") (hitgroup "right leg")
xxxxS3secretT30457F0C79B1383A L 01/09/2020 - 15:53:59: "Tom<10><BOT><CT>" [231 2041 1688] killed "Steve<5><BOT><TERRORIST>" [254 2155 1752] with "famas"
xxxxS3secretT30457F0C79B1383A L 01/09/2020 - 15:53:59: "Matt<9><BOT><CT>" [239 1761 1687] attacked "Harold<11><BOT><TERRORIST>" [203 2130 1688] with "mp9" (damage "17") (damage_armor "5") (health "0") (armor "68") (hitgroup "stomach")
xxxxS3secretT30457F0C79B1383A L 01/09/2020 - 15:53:59: "Matt<9><BOT><CT>" [239 1761 1687] killed "Harold<11><BOT><TERRORIST>" [203 2130 1752] with "mp9"
xxxxS3secretT30457F0C79B1383A L 01/09/2020 - 15:53:59: "Tom<10><BOT><CT>" assisted killing "Harold<11><BOT><TERRORIST>"
xxxxS3secretT30457F0C79B1383A L 01/09/2020 - 15:53:59: Team "CT" triggered "SFUI_Notice_CTs_Win" (CT "4") (T "4")
xxxxS3secretT30457F0C79B1383A L 01/09/2020 - 15:53:59: Team "CT" scored "4" with "5" players
xxxxS3secretT30457F0C79B1383A L 01/09/2020 - 15:53:59: Team "TERRORIST" scored "4" with "5" players
xxxxS3secretT30457F0C79B1383A L 01/09/2020 - 15:53:59: World triggered "Round_End"
xxxxS3secretT30457F0C79B1383A L 01/09/2020 - 15:53:59: "Steve<5><BOT><TERRORIST>" threw hegrenade [252 1984 1689]
xxxxS3secretT30457F0C79B1383A L 01/09/2020 - 15:53:59: "Steve<5><BOT><TERRORIST>" [254 2155 1752] attacked "Tom<10><BOT><CT>" [231 2041 1688] with "hegrenade" (damage "44") (damage_armor "14") (health "54") (armor "83") (hitgroup "generic")
xxxxS3secretT30457F0C79B1383A L 01/09/2020 - 15:53:59: "Steve<5><BOT><TERRORIST>" [254 2155 1752] attacked "Matt<9><BOT><CT>" [239 1761 1687] with "hegrenade" (damage "7") (damage_armor "2") (health "53") (armor "87") (hitgroup "generic")
xxxxS3secretTB8032A3B450FB7A6 L 01/09/2020 - 15:54:21: World triggered "Round_Start"
xxxxS3secretTB8032A3B450FB7A6 L 01/09/2020 - 15:54:22: "Gary<3><BOT><TERRORIST>" left buyzone with [ weapon_knife_t weapon_p250 weapon_ump45 kevlar(100) helmet ]
xxxxS3secretTB8032A3B450FB7A6 L 01/09/2020 - 15:54:23: "Steve<5><BOT><TERRORIST>" left buyzone with [ weapon_knife_t weapon_deagle weapon_ump45 kevlar(100) helmet ]
xxxxS3secretTB8032A3B450FB7A6 L 01/09/2020 - 15:54:23: "Perry<6><BOT><TERRORIST>" left buyzone with [ weapon_knife_t weapon_glock weapon_mac10 weapon_hegrenade kevlar(100) helmet ]
xxxxS3secretTB8032A3B450FB7A6 L 01/09/2020 - 15:54:23: "Ron<4><BOT><CT>" left buyzone with [ weapon_knife weapon_hkp2000 weapon_famas weapon_hegrenade kevlar(100) helmet ]
xxxxS3secretTB8032A3B450FB7A6 L 01/09/2020 - 15:54:23: "Jenssen<8><BOT><TERRORIST>" left buyzone with [ weapon_knife_t weapon_glock weapon_c4 weapon_p90 kevlar(100) helmet C4 ]
xxxxS3secretTB8032A3B450FB7A6 L 01/09/2020 - 15:54:24: "Grant<7><BOT><CT>" left buyzone with [ weapon_knife weapon_hkp2000 weapon_negev weapon_hegrenade kevlar(100) helmet ]
xxxxS3secretTB8032A3B450FB7A6 L 01/09/2020 - 15:54:24: "Harold<11><BOT><TERRORIST>" left buyzone with [ weapon_knife_t weapon_glock weapon_sg556 ]
xxxxS3secretTB8032A3B450FB7A6 L 01/09/2020 - 15:54:24: "Matt<9><BOT><CT>" left buyzone with [ weapon_knife weapon_hkp2000 weapon_mp9 weapon_hegrenade kevlar(100) helmet ]
xxxxS3secretTB8032A3B450FB7A6 L 01/09/2020 - 15:54:24: "Player-Name<2><STEAM_1:1:2531422><CT>" left buyzone with [ weapon_knife weapon_usp_silencer ]
xxxxS3secretTB8032A3B450FB7A6 L 01/09/2020 - 15:54:25: "Tom<10><BOT><CT>" left buyzone with [ weapon_knife weapon_deagle weapon_famas weapon_smokegrenade kevlar(100) helmet ]
xxxxRTB8032A3B450FB7A6 L 01/09/2020 - 15:54:43: "Steve<5><BOT><TERRORIST>" [-155 877 1679] attacked "Ron<4><BOT><CT>" [5 1755 1749] with "ump45" (damage "13") (damage_armor "3") (health "87") (armor "96") (hitgroup "chest")
xxxxRTB8032A3B450FB7A6 L 01/09/2020 - 15:54:43: "Matt<9><BOT><CT>" threw hegrenade [410 2266 1814]
xxxxRTB8032A3B450FB7A6 L 01/09/2020 - 15:54:43: "Matt<9><BOT><CT>" [255 2119 1688] attacked "Matt<9><BOT><CT>" [255 2119 1688] with "hegrenade" (damage "8") (damage_armor "2") (health "92") (armor "97") (hitgroup "generic")
xxxxRTB8032A3B450FB7A6 L 01/09/2020 - 15:54:44: "Jenssen<8><BOT><TERRORIST>" [-156 1242 1687] attacked "Ron<4><BOT><CT>" [6 1757 1782] with "p90" (damage "16") (damage_armor "0") (health "71") (armor "96") (hitgroup "right leg")
xxxxRTB8032A3B450FB7A6 L 01/09/2020 - 15:54:44: "Ron<4><BOT><CT>" [6 1757 1770] attacked "Jenssen<8><BOT><TERRORIST>" [-156 1242 1687] with "famas" (damage "80") (damage_armor "17") (health "20") (armor "82") (hitgroup "head")
xxxxRTB8032A3B450FB7A6 L 01/09/2020 - 15:54:44: "Steve<5><BOT><TERRORIST>" [-154 1001 1687] attacked "Ron<4><BOT><CT>" [10 1760 1748] with "ump45" (damage "58") (damage_armor "15") (health "13") (armor "80") (hitgroup "head")
xxxxRTB8032A3B450FB7A6 L 01/09/2020 - 15:54:44: "Grant<7><BOT><CT>" threw hegrenade [-82 1280 1691]
xxxxRTB8032A3B450FB7A6 L 01/09/2020 - 15:54:44: "Grant<7><BOT><CT>" [192 1925 1687] attacked "Jenssen<8><BOT><TERRORIST>" [-154 1246 1687] with "hegrenade" (damage "43") (damage_armor "14") (health "0") (armor "67") (hitgroup "generic")
xxxxRTB8032A3B450FB7A6 L 01/09/2020 - 15:54:44: "Jenssen<8><BOT><TERRORIST>" triggered "Dropped_The_Bomb"
xxxxRTB8032A3B450FB7A6 L 01/09/2020 - 15:54:44: "Grant<7><BOT><CT>" [192 1925 1687] killed "Jenssen<8><BOT><TERRORIST>" [-154 1246 1751] with "hegrenade"
xxxxRTB8032A3B450FB7A6 L 01/09/2020 - 15:54:44: "Ron<4><BOT><CT>" assisted killing "Jenssen<8><BOT><TERRORIST>"
xxxxRTB8032A3B450FB7A6 L 01/09/2020 - 15:54:44: "Grant<7><BOT><CT>" [192 1925 1687] attacked "Perry<6><BOT><TERRORIST>" [-198 1108 1687] with "hegrenade" (damage "1") (damage_armor "0") (health "99") (armor "99") (hitgroup "generic")
xxxxRTB8032A3B450FB7A6 L 01/09/2020 - 15:54:44: "Perry<6><BOT><TERRORIST>" threw hegrenade [-118 1125 1690]
xxxxRTB8032A3B450FB7A6 L 01/09/2020 - 15:54:44: "Perry<6><BOT><TERRORIST>" [-201 1117 1687] attacked "Perry<6><BOT><TERRORIST>" [-201 1117 1687] with "hegrenade" (damage "41") (damage_armor "13") (health "58") (armor "85") (hitgroup "generic")
xxxxRTB8032A3B450FB7A6 L 01/09/2020 - 15:54:44: "Perry<6><BOT><TERRORIST>" [-201 1117 1687] attacked "Steve<5><BOT><TERRORIST>" [-125 1036 1687] with "hegrenade" (damage "34") (damage_armor "11") (health "66") (armor "88") (hitgroup "generic")
xxxxRTB8032A3B450FB7A6 L 01/09/2020 - 15:54:44: "Perry<6><BOT><TERRORIST>" [-201 1117 1687] attacked "Gary<3><BOT><TERRORIST>" [-224 839 1678] with "hegrenade" (damage "1") (damage_armor "0") (health "99") (armor "99") (hitgroup "generic")
xxxxRTB8032A3B450FB7A6 L 01/09/2020 - 15:54:44: "Gary<3><BOT><TERRORIST>" [-224 839 1678] attacked "Ron<4><BOT><CT>" [28 1758 1795] with "ump45" (damage "15") (damage_armor "0") (health "0") (armor "80") (hitgroup "right leg")
xxxxRTB8032A3B450FB7A6 L 01/09/2020 - 15:54:44: "Gary<3><BOT><TERRORIST>" [-224 839 1678] killed "Ron<4><BOT><CT>" [28 1758 1841] with "ump45"
xxxxRTB8032A3B450FB7A6 L 01/09/2020 - 15:54:44: "Steve<5><BOT><TERRORIST>" assisted killing "Ron<4><BOT><CT>"
xxxxRTB8032A3B450FB7A6 L 01/09/2020 - 15:54:46: "Steve<5><BOT><TERRORIST>" [-79 1189 1687] attacked "Grant<7><BOT><CT>" [192 1925 1687] with "ump45" (damage "14") (damage_armor "3") (health "86") (armor "96") (hitgroup "chest")
xxxxRTB8032A3B450FB7A6 L 01/09/2020 - 15:54:46: "Steve<5><BOT><TERRORIST>" [-86 1189 1687] attacked "Grant<7><BOT><CT>" [192 1925 1687] with "ump45" (damage "14") (damage_armor "3") (health "72") (armor "92") (hitgroup "chest")
xxxxRTB8032A3B450FB7A6 L 01/09/2020 - 15:54:46: "Grant<7><BOT><CT>" [192 1925 1687] attacked "Perry<6><BOT><TERRORIST>" [-104 1317 1687] with "negev" (damage "23") (damage_armor "4") (health "35") (armor "80") (hitgroup "chest")
xxxxRTB8032A3B450FB7A6 L 01/09/2020 - 15:54:46: "Perry<6><BOT><TERRORIST>" [-102 1320 1687] attacked "Grant<7><BOT><CT>" [192 1925 1687] with "mac10" (damage "15") (damage_armor "5") (health "57") (armor "86") (hitgroup "stomach")
xxxxRTB8032A3B450FB7A6 L 01/09/2020 - 15:54:46: "Perry<6><BOT><TERRORIST>" [-100 1325 1687] attacked "Grant<7><BOT><CT>" [192 1925 1687] with "mac10" (damage "16") (damage_armor "0") (health "41") (armor "86") (hitgroup "right leg")
xxxxRTB8032A3B450FB7A6 L 01/09/2020 - 15:54:46: "Perry<6><BOT><TERRORIST>" [-95 1336 1687] attacked "Grant<7><BOT><CT>" [192 1925 1687] with "mac10" (damage "15") (damage_armor "5") (health "26") (armor "80") (hitgroup "stomach")
xxxxRTB8032A3B450FB7A6 L 01/09/2020 - 15:54:46: "Steve<5><BOT><TERRORIST>" [-79 1189 1687] attacked "Grant<7><BOT><CT>" [192 1925 1687] with "ump45" (damage "14") (damage_armor "3") (health "12") (armor "76") (hitgroup "chest")
xxxxRTB8032A3B450FB7A6 L 01/09/2020 - 15:54:46: "Steve<5><BOT><TERRORIST>" [-79 1189 1687] attacked "Matt<9><BOT><CT>" [301 2185 1688] with "ump45" (damage "1") (damage_armor "0") (health "91") (armor "96") (hitgroup "chest")
xxxxRTB8032A3B450FB7A6 L 01/09/2020 - 15:54:47: "Steve<5><BOT><TERRORIST>" [-71 1189 1687] attacked "Grant<7><BOT><CT>" [192 1925 1687] with "ump45" (damage "58") (damage_armor "15") (health "0") (armor "60") (hitgroup "head")
xxxxRTB8032A3B450FB7A6 L 01/09/2020 - 15:54:47: "Steve<5><BOT><TERRORIST>" [-71 1189 1687] killed "Grant<7><BOT><CT>" [192 1925 1751] with "ump45" (headshot)
xxxxRTB8032A3B450FB7A6 L 01/09/2020 - 15:54:47: "Perry<6><BOT><TERRORIST>" assisted killing "Grant<7><BOT><CT>"
xxxxRTB8032A3B450FB7A6 L 01/09/2020 - 15:54:47: "Steve<5><BOT><TERRORIST>" [-71 1189 1687] attacked "Matt<9><BOT><CT>" [289 2182 1688] with "ump45" (damage "7") (damage_armor "2") (health "84") (armor "93") (hitgroup "head")
xxxxRTB8032A3B450FB7A6 L 01/09/2020 - 15:54:47: "Steve<5><BOT><TERRORIST>" [-69 1189 1687] attacked "Matt<9><BOT><CT>" [280 2178 1688] with "ump45" (damage "12") (damage_armor "3") (health "72") (armor "89") (hitgroup "chest")
xxxxRTB8032A3B450FB7A6 L 01/09/2020 - 15:54:47: "Steve<5><BOT><TERRORIST>" [-73 1189 1687] attacked "Matt<9><BOT><CT>" [270 2174 1688] with "ump45" (damage "12") (damage_armor "3") (health "60") (armor "85") (hitgroup "chest")
xxxxRTB8032A3B450FB7A6 L 01/09/2020 - 15:54:47: "Perry<6><BOT><TERRORIST>" triggered "Got_The_Bomb"
xxxxRTB8032A3B450FB7A6 L 01/09/2020 - 15:54:47: "Steve<5><BOT><TERRORIST>" [-80 1189 1687] attacked "Matt<9><BOT><CT>" [261 2170 1688] with "ump45" (damage "12") (damage_armor "3") (health "48") (armor "81") (hitgroup "chest")
